<?xml version="1.0" encoding="UTF-8"?>
<testng-results total="2" passed="2" failed="0" skipped="0">
  <reporter-output>
  </reporter-output>
  <suite started-at="2022-11-08T14:12:31Z" name="Default suite" finished-at="2022-11-08T14:14:01Z" duration-ms="89549">
    <groups>
      <group name="cucumber">
        <method signature="AbstractTestNGCucumberTests.runScenario(io.cucumber.testng.PickleWrapper, io.cucumber.testng.FeatureWrapper)[pri:0, instance:runner.test_runner@69f1a286]" name="runScenario" class="io.cucumber.testng.AbstractTestNGCucumberTests"/>
      </group> <!-- cucumber -->
    </groups>
    <test started-at="2022-11-08T14:12:31Z" name="Default test" finished-at="2022-11-08T14:14:01Z" duration-ms="89549">
      <class name="runner.test_runner">
        <test-method is-config="true" signature="setUpClass(org.testng.ITestContext)[pri:0, instance:runner.test_runner@69f1a286]" started-at="2022-11-08T19:42:31Z" name="setUpClass" finished-at="2022-11-08T19:42:32Z" duration-ms="1079" status="PASS">
          <params>
            <param index="0">
              <value>
                <![CDATA[org.testng.TestRunner@70025b99]]>
              </value>
            </param>
          </params>
          <reporter-output>
          </reporter-output>
        </test-method> <!-- setUpClass -->
        <test-method signature="runScenario(io.cucumber.testng.PickleWrapper, io.cucumber.testng.FeatureWrapper)[pri:0, instance:runner.test_runner@69f1a286]" started-at="2022-11-08T19:42:32Z" name="runScenario" description="Runs Cucumber Scenarios" data-provider="scenarios" finished-at="2022-11-08T19:43:40Z" duration-ms="67469" status="PASS">
          <params>
            <param index="0">
              <value>
                <![CDATA["To Test the Login with valid data"]]>
              </value>
            </param>
            <param index="1">
              <value>
                <![CDATA["Test the guru99 login"]]>
              </value>
            </param>
          </params>
          <reporter-output>
          </reporter-output>
        </test-method> <!-- runScenario -->
        <test-method signature="runScenario(io.cucumber.testng.PickleWrapper, io.cucumber.testng.FeatureWrapper)[pri:0, instance:runner.test_runner@69f1a286]" started-at="2022-11-08T19:43:40Z" name="runScenario" description="Runs Cucumber Scenarios" data-provider="scenarios" finished-at="2022-11-08T19:44:01Z" duration-ms="20849" status="PASS">
          <params>
            <param index="0">
              <value>
                <![CDATA["To Test the Login with valid data"]]>
              </value>
            </param>
            <param index="1">
              <value>
                <![CDATA["Test the guru99 login"]]>
              </value>
            </param>
          </params>
          <reporter-output>
          </reporter-output>
        </test-method> <!-- runScenario -->
        <test-method is-config="true" signature="tearDownClass()[pri:0, instance:runner.test_runner@69f1a286]" started-at="2022-11-08T19:44:01Z" name="tearDownClass" finished-at="2022-11-08T19:44:01Z" duration-ms="118" status="PASS">
          <reporter-output>
          </reporter-output>
        </test-method> <!-- tearDownClass -->
      </class> <!-- runner.test_runner -->
    </test> <!-- Default test -->
  </suite> <!-- Default suite -->
</testng-results>
